[0.035s] Invoking command in '/home/sim/sam_bot_description/build/sam_bot_description': CMAKE_PREFIX_PATH=${CMAKE_PREFIX_PATH}:/opt/ros/humble /home/sim/.local/bin/cmake --build /home/sim/sam_bot_description/build/sam_bot_description -- -j32 -l32
[0.054s] Invoked command in '/home/sim/sam_bot_description/build/sam_bot_description' returned '0': CMAKE_PREFIX_PATH=${CMAKE_PREFIX_PATH}:/opt/ros/humble /home/sim/.local/bin/cmake --build /home/sim/sam_bot_description/build/sam_bot_description -- -j32 -l32
[0.087s] Invoking command in '/home/sim/sam_bot_description/build/sam_bot_description': CMAKE_PREFIX_PATH=${CMAKE_PREFIX_PATH}:/opt/ros/humble /home/sim/.local/bin/cmake --install /home/sim/sam_bot_description/build/sam_bot_description
[0.098s] -- Install configuration: ""
[0.099s] -- Up-to-date: /home/sim/sam_bot_description/install/sam_bot_description/share/sam_bot_description/src
[0.099s] -- Up-to-date: /home/sim/sam_bot_description/install/sam_bot_description/share/sam_bot_description/src/description
[0.099s] -- Up-to-date: /home/sim/sam_bot_description/install/sam_bot_description/share/sam_bot_description/src/description/sam_bot_description.urdf
[0.099s] -- Up-to-date: /home/sim/sam_bot_description/install/sam_bot_description/share/sam_bot_description/launch
[0.099s] -- Installing: /home/sim/sam_bot_description/install/sam_bot_description/share/sam_bot_description/launch/display.launch.py
[0.099s] -- Up-to-date: /home/sim/sam_bot_description/install/sam_bot_description/share/sam_bot_description/rviz
[0.099s] -- Up-to-date: /home/sim/sam_bot_description/install/sam_bot_description/share/sam_bot_description/rviz/urdf_config.rviz
[0.099s] -- Up-to-date: /home/sim/sam_bot_description/install/sam_bot_description/share/ament_index/resource_index/package_run_dependencies/sam_bot_description
[0.099s] -- Up-to-date: /home/sim/sam_bot_description/install/sam_bot_description/share/ament_index/resource_index/parent_prefix_path/sam_bot_description
[0.099s] -- Up-to-date: /home/sim/sam_bot_description/install/sam_bot_description/share/sam_bot_description/environment/ament_prefix_path.sh
[0.099s] -- Up-to-date: /home/sim/sam_bot_description/install/sam_bot_description/share/sam_bot_description/environment/ament_prefix_path.dsv
[0.099s] -- Up-to-date: /home/sim/sam_bot_description/install/sam_bot_description/share/sam_bot_description/environment/path.sh
[0.099s] -- Up-to-date: /home/sim/sam_bot_description/install/sam_bot_description/share/sam_bot_description/environment/path.dsv
[0.099s] -- Up-to-date: /home/sim/sam_bot_description/install/sam_bot_description/share/sam_bot_description/local_setup.bash
[0.099s] -- Up-to-date: /home/sim/sam_bot_description/install/sam_bot_description/share/sam_bot_description/local_setup.sh
[0.099s] -- Up-to-date: /home/sim/sam_bot_description/install/sam_bot_description/share/sam_bot_description/local_setup.zsh
[0.099s] -- Up-to-date: /home/sim/sam_bot_description/install/sam_bot_description/share/sam_bot_description/local_setup.dsv
[0.099s] -- Up-to-date: /home/sim/sam_bot_description/install/sam_bot_description/share/sam_bot_description/package.dsv
[0.099s] -- Up-to-date: /home/sim/sam_bot_description/install/sam_bot_description/share/ament_index/resource_index/packages/sam_bot_description
[0.099s] -- Up-to-date: /home/sim/sam_bot_description/install/sam_bot_description/share/sam_bot_description/cmake/sam_bot_descriptionConfig.cmake
[0.099s] -- Up-to-date: /home/sim/sam_bot_description/install/sam_bot_description/share/sam_bot_description/cmake/sam_bot_descriptionConfig-version.cmake
[0.099s] -- Up-to-date: /home/sim/sam_bot_description/install/sam_bot_description/share/sam_bot_description/package.xml
[0.101s] Invoked command in '/home/sim/sam_bot_description/build/sam_bot_description' returned '0': CMAKE_PREFIX_PATH=${CMAKE_PREFIX_PATH}:/opt/ros/humble /home/sim/.local/bin/cmake --install /home/sim/sam_bot_description/build/sam_bot_description
