[0.028s] Invoking command in '/home/sim/sam_bot_description/build/sam_bot_description': CMAKE_PREFIX_PATH=/opt/ros/humble /home/sim/.local/bin/cmake /home/sim/sam_bot_description -DCMAKE_INSTALL_PREFIX=/home/sim/sam_bot_description/install/sam_bot_description
[0.086s] -- The C compiler identification is GNU 11.4.0
[0.130s] -- The CXX compiler identification is GNU 11.4.0
[0.141s] -- Detecting C compiler ABI info
[0.169s] -- Detecting C compiler ABI info - done
[0.174s] -- Check for working C compiler: /usr/bin/cc - skipped
[0.174s] -- Detecting C compile features
[0.175s] -- Detecting C compile features - done
[0.179s] -- Detecting CXX compiler ABI info
[0.209s] -- Detecting CXX compiler ABI info - done
[0.214s] -- Check for working CXX compiler: /usr/bin/c++ - skipped
[0.215s] -- Detecting CXX compile features
[0.215s] -- Detecting CXX compile features - done
[0.219s] -- Found ament_cmake: 1.3.6 (/opt/ros/humble/share/ament_cmake/cmake)
[0.378s] -- Found Python3: /usr/bin/python3.10 (found version "3.10.12") found components: Interpreter 
[0.424s] -- Found ament_lint_auto: 0.12.9 (/opt/ros/humble/share/ament_lint_auto/cmake)
[0.464s] -- Added test 'cppcheck' to perform static code analysis on C / C++ code
[0.464s] -- Configured cppcheck include dirs: 
[0.464s] -- Configured cppcheck exclude dirs and/or files: 
[0.465s] -- Added test 'flake8' to check Python code syntax and style conventions
[0.466s] -- Added test 'lint_cmake' to check CMake code style
[0.466s] -- Added test 'pep257' to check Python code against some of the docstring style conventions in PEP 257
[0.469s] -- Added test 'uncrustify' to check C / C++ code style
[0.469s] -- Configured uncrustify additional arguments: 
[0.470s] -- Added test 'xmllint' to check XML markup files
[0.470s] -- Configuring done (0.4s)
[0.471s] -- Generating done (0.0s)
[0.472s] -- Build files have been written to: /home/sim/sam_bot_description/build/sam_bot_description
[0.477s] Invoked command in '/home/sim/sam_bot_description/build/sam_bot_description' returned '0': CMAKE_PREFIX_PATH=/opt/ros/humble /home/sim/.local/bin/cmake /home/sim/sam_bot_description -DCMAKE_INSTALL_PREFIX=/home/sim/sam_bot_description/install/sam_bot_description
[0.478s] Invoking command in '/home/sim/sam_bot_description/build/sam_bot_description': CMAKE_PREFIX_PATH=/opt/ros/humble /home/sim/.local/bin/cmake --build /home/sim/sam_bot_description/build/sam_bot_description -- -j32 -l32
[0.496s] Invoked command in '/home/sim/sam_bot_description/build/sam_bot_description' returned '0': CMAKE_PREFIX_PATH=/opt/ros/humble /home/sim/.local/bin/cmake --build /home/sim/sam_bot_description/build/sam_bot_description -- -j32 -l32
[0.529s] Invoking command in '/home/sim/sam_bot_description/build/sam_bot_description': CMAKE_PREFIX_PATH=/opt/ros/humble /home/sim/.local/bin/cmake --install /home/sim/sam_bot_description/build/sam_bot_description
[0.541s] -- Install configuration: ""
[0.541s] -- Installing: /home/sim/sam_bot_description/install/sam_bot_description/share/sam_bot_description/src
[0.541s] -- Installing: /home/sim/sam_bot_description/install/sam_bot_description/share/sam_bot_description/src/description
[0.541s] -- Installing: /home/sim/sam_bot_description/install/sam_bot_description/share/sam_bot_description/src/description/sam_bot_description.urdf
[0.541s] -- Installing: /home/sim/sam_bot_description/install/sam_bot_description/share/sam_bot_description/launch
[0.541s] -- Installing: /home/sim/sam_bot_description/install/sam_bot_description/share/sam_bot_description/launch/display.launch.py
[0.541s] -- Installing: /home/sim/sam_bot_description/install/sam_bot_description/share/sam_bot_description/rviz
[0.541s] -- Installing: /home/sim/sam_bot_description/install/sam_bot_description/share/sam_bot_description/rviz/urdf_config.rviz
[0.541s] -- Installing: /home/sim/sam_bot_description/install/sam_bot_description/share/ament_index/resource_index/package_run_dependencies/sam_bot_description
[0.541s] -- Installing: /home/sim/sam_bot_description/install/sam_bot_description/share/ament_index/resource_index/parent_prefix_path/sam_bot_description
[0.541s] -- Installing: /home/sim/sam_bot_description/install/sam_bot_description/share/sam_bot_description/environment/ament_prefix_path.sh
[0.541s] -- Installing: /home/sim/sam_bot_description/install/sam_bot_description/share/sam_bot_description/environment/ament_prefix_path.dsv
[0.541s] -- Installing: /home/sim/sam_bot_description/install/sam_bot_description/share/sam_bot_description/environment/path.sh
[0.541s] -- Installing: /home/sim/sam_bot_description/install/sam_bot_description/share/sam_bot_description/environment/path.dsv
[0.541s] -- Installing: /home/sim/sam_bot_description/install/sam_bot_description/share/sam_bot_description/local_setup.bash
[0.541s] -- Installing: /home/sim/sam_bot_description/install/sam_bot_description/share/sam_bot_description/local_setup.sh
[0.541s] -- Installing: /home/sim/sam_bot_description/install/sam_bot_description/share/sam_bot_description/local_setup.zsh
[0.541s] -- Installing: /home/sim/sam_bot_description/install/sam_bot_description/share/sam_bot_description/local_setup.dsv
[0.541s] -- Installing: /home/sim/sam_bot_description/install/sam_bot_description/share/sam_bot_description/package.dsv
[0.541s] -- Installing: /home/sim/sam_bot_description/install/sam_bot_description/share/ament_index/resource_index/packages/sam_bot_description
[0.541s] -- Installing: /home/sim/sam_bot_description/install/sam_bot_description/share/sam_bot_description/cmake/sam_bot_descriptionConfig.cmake
[0.541s] -- Installing: /home/sim/sam_bot_description/install/sam_bot_description/share/sam_bot_description/cmake/sam_bot_descriptionConfig-version.cmake
[0.542s] -- Installing: /home/sim/sam_bot_description/install/sam_bot_description/share/sam_bot_description/package.xml
[0.544s] Invoked command in '/home/sim/sam_bot_description/build/sam_bot_description' returned '0': CMAKE_PREFIX_PATH=/opt/ros/humble /home/sim/.local/bin/cmake --install /home/sim/sam_bot_description/build/sam_bot_description
