[0.036s] Invoking command in '/home/sim/sam_bot_description/build/sam_bot_description': CMAKE_PREFIX_PATH=${CMAKE_PREFIX_PATH}:/opt/ros/humble /home/sim/.local/bin/cmake --build /home/sim/sam_bot_description/build/sam_bot_description -- -j32 -l32
[0.052s] -- Found ament_cmake: 1.3.6 (/opt/ros/humble/share/ament_cmake/cmake)
[0.151s] -- Found ament_lint_auto: 0.12.9 (/opt/ros/humble/share/ament_lint_auto/cmake)
[0.189s] -- Added test 'cppcheck' to perform static code analysis on C / C++ code
[0.189s] -- Configured cppcheck include dirs: 
[0.189s] -- Configured cppcheck exclude dirs and/or files: 
[0.190s] -- Added test 'flake8' to check Python code syntax and style conventions
[0.193s] -- Added test 'lint_cmake' to check CMake code style
[0.194s] -- Added test 'pep257' to check Python code against some of the docstring style conventions in PEP 257
[0.203s] -- Added test 'uncrustify' to check C / C++ code style
[0.203s] -- Configured uncrustify additional arguments: 
[0.204s] -- Added test 'xmllint' to check XML markup files
[0.204s] -- Configuring done (0.2s)
[0.205s] -- Generating done (0.0s)
[0.206s] -- Build files have been written to: /home/sim/sam_bot_description/build/sam_bot_description
[0.212s] Invoked command in '/home/sim/sam_bot_description/build/sam_bot_description' returned '0': CMAKE_PREFIX_PATH=${CMAKE_PREFIX_PATH}:/opt/ros/humble /home/sim/.local/bin/cmake --build /home/sim/sam_bot_description/build/sam_bot_description -- -j32 -l32
[0.244s] Invoking command in '/home/sim/sam_bot_description/build/sam_bot_description': CMAKE_PREFIX_PATH=${CMAKE_PREFIX_PATH}:/opt/ros/humble /home/sim/.local/bin/cmake --install /home/sim/sam_bot_description/build/sam_bot_description
[0.256s] -- Install configuration: ""
[0.256s] -- Up-to-date: /home/sim/sam_bot_description/install/sam_bot_description/share/sam_bot_description/src
[0.256s] -- Up-to-date: /home/sim/sam_bot_description/install/sam_bot_description/share/sam_bot_description/src/description
[0.256s] -- Up-to-date: /home/sim/sam_bot_description/install/sam_bot_description/share/sam_bot_description/src/description/sam_bot_description.urdf
[0.257s] -- Up-to-date: /home/sim/sam_bot_description/install/sam_bot_description/share/sam_bot_description/launch
[0.257s] -- Installing: /home/sim/sam_bot_description/install/sam_bot_description/share/sam_bot_description/launch/display.launch.py
[0.257s] -- Up-to-date: /home/sim/sam_bot_description/install/sam_bot_description/share/sam_bot_description/rviz
[0.257s] -- Up-to-date: /home/sim/sam_bot_description/install/sam_bot_description/share/sam_bot_description/rviz/urdf_config.rviz
[0.257s] -- Installing: /home/sim/sam_bot_description/install/sam_bot_description/share/sam_bot_description/config
[0.257s] -- Installing: /home/sim/sam_bot_description/install/sam_bot_description/share/sam_bot_description/config/ekf.yaml
[0.257s] -- Installing: /home/sim/sam_bot_description/install/sam_bot_description/share/ament_index/resource_index/package_run_dependencies/sam_bot_description
[0.257s] -- Installing: /home/sim/sam_bot_description/install/sam_bot_description/share/ament_index/resource_index/parent_prefix_path/sam_bot_description
[0.257s] -- Up-to-date: /home/sim/sam_bot_description/install/sam_bot_description/share/sam_bot_description/environment/ament_prefix_path.sh
[0.257s] -- Installing: /home/sim/sam_bot_description/install/sam_bot_description/share/sam_bot_description/environment/ament_prefix_path.dsv
[0.257s] -- Up-to-date: /home/sim/sam_bot_description/install/sam_bot_description/share/sam_bot_description/environment/path.sh
[0.257s] -- Installing: /home/sim/sam_bot_description/install/sam_bot_description/share/sam_bot_description/environment/path.dsv
[0.257s] -- Up-to-date: /home/sim/sam_bot_description/install/sam_bot_description/share/sam_bot_description/local_setup.bash
[0.257s] -- Up-to-date: /home/sim/sam_bot_description/install/sam_bot_description/share/sam_bot_description/local_setup.sh
[0.257s] -- Up-to-date: /home/sim/sam_bot_description/install/sam_bot_description/share/sam_bot_description/local_setup.zsh
[0.257s] -- Installing: /home/sim/sam_bot_description/install/sam_bot_description/share/sam_bot_description/local_setup.dsv
[0.257s] -- Installing: /home/sim/sam_bot_description/install/sam_bot_description/share/sam_bot_description/package.dsv
[0.257s] -- Up-to-date: /home/sim/sam_bot_description/install/sam_bot_description/share/ament_index/resource_index/packages/sam_bot_description
[0.257s] -- Up-to-date: /home/sim/sam_bot_description/install/sam_bot_description/share/sam_bot_description/cmake/sam_bot_descriptionConfig.cmake
[0.257s] -- Up-to-date: /home/sim/sam_bot_description/install/sam_bot_description/share/sam_bot_description/cmake/sam_bot_descriptionConfig-version.cmake
[0.257s] -- Installing: /home/sim/sam_bot_description/install/sam_bot_description/share/sam_bot_description/package.xml
[0.260s] Invoked command in '/home/sim/sam_bot_description/build/sam_bot_description' returned '0': CMAKE_PREFIX_PATH=${CMAKE_PREFIX_PATH}:/opt/ros/humble /home/sim/.local/bin/cmake --install /home/sim/sam_bot_description/build/sam_bot_description
